c:\users\hamoo\downloads\robot_eng\robot\robot\x64\debug\vc143.pdb
c:\users\hamoo\downloads\robot_eng\robot\robot\x64\debug\vc143.idb
c:\users\hamoo\downloads\robot_eng\robot\robot\x64\debug\cameramanipulator.obj
c:\users\hamoo\downloads\robot_eng\robot\robot\x64\debug\objparser.obj
c:\users\hamoo\downloads\robot_eng\robot\robot\x64\debug\camera.obj
c:\users\hamoo\downloads\robot_eng\robot\robot\x64\debug\glutils.obj
c:\users\hamoo\downloads\robot_eng\robot\robot\x64\debug\main.obj
c:\users\hamoo\downloads\robot_eng\robot\robot\x64\debug\sdl_gldebugmessagecallback.obj
c:\users\hamoo\downloads\robot_eng\robot\robot\x64\debug\myapp.obj
c:\users\hamoo\downloads\robot_eng\robot\x64\debug\robot.exe
c:\users\hamoo\downloads\robot_eng\robot\x64\debug\robot.pdb
c:\users\hamoo\downloads\robot_eng\robot\x64\debug\glew32d.dll
c:\users\hamoo\downloads\robot_eng\robot\x64\debug\sdl2d.dll
c:\users\hamoo\downloads\robot_eng\robot\x64\debug\sdl2_imaged.dll
c:\users\hamoo\downloads\robot_eng\robot\x64\debug\jpeg62.dll
c:\users\hamoo\downloads\robot_eng\robot\x64\debug\libpng16d.dll
c:\users\hamoo\downloads\robot_eng\robot\x64\debug\zlibd1.dll
c:\users\hamoo\downloads\robot_eng\robot\robot\x64\debug\robot.ilk
c:\users\hamoo\downloads\robot_eng\robot\robot\x64\debug\robot.tlog\cl.command.1.tlog
c:\users\hamoo\downloads\robot_eng\robot\robot\x64\debug\robot.tlog\cl.items.tlog
c:\users\hamoo\downloads\robot_eng\robot\robot\x64\debug\robot.tlog\cl.read.1.tlog
c:\users\hamoo\downloads\robot_eng\robot\robot\x64\debug\robot.tlog\cl.write.1.tlog
c:\users\hamoo\downloads\robot_eng\robot\robot\x64\debug\robot.tlog\link.command.1.tlog
c:\users\hamoo\downloads\robot_eng\robot\robot\x64\debug\robot.tlog\link.read.1.tlog
c:\users\hamoo\downloads\robot_eng\robot\robot\x64\debug\robot.tlog\link.secondary.1.tlog
c:\users\hamoo\downloads\robot_eng\robot\robot\x64\debug\robot.tlog\link.write.1.tlog
c:\users\hamoo\downloads\robot_eng\robot\robot\x64\debug\robot.tlog\robot.write.1u.tlog
